<?xml version="1.0" encoding="UTF-8"?>
<testsuite xmlns:xsi="http://www.w3.org/2001/XMLSchema-instance" xsi:noNamespaceSchemaLocation="https://maven.apache.org/surefire/maven-surefire-plugin/xsd/surefire-test-report.xsd" version="3.0.2" name="com.Practice.hospitalManagement.PatientTests" time="0.107" tests="1" errors="0" skipped="0" failures="0" flakes="0">
  <properties>
[...]
</properties>
  <testcase name="testTransectionMethods" classname="com.Practice.hospitalManagement.PatientTests" time="0.095">
    <system-out><![CDATA[2026-06-04T20:26:21.194+05:30  INFO 9746 --- [hospitalManagement] [           main] t.c.s.AnnotationConfigContextLoaderUtils : Could not detect default configuration classes for test class [com.Practice.hospitalManagement.PatientTests]: PatientTests does not declare any static, non-private, non-final, nested classes annotated with @Configuration.
2026-06-04T20:26:21.198+05:30  INFO 9746 --- [hospitalManagement] [           main] .b.t.c.SpringBootTestContextBootstrapper : Found @SpringBootConfiguration com.Practice.hospitalManagement.HospitalManagementApplication for test class com.Practice.hospitalManagement.PatientTests
2026-06-04T20:26:21.199+05:30  INFO 9746 --- [hospitalManagement] [           main] t.c.s.AnnotationConfigContextLoaderUtils : Could not detect default configuration classes for test class [com.Practice.hospitalManagement.PatientTests]: PatientTests does not declare any static, non-private, non-final, nested classes annotated with @Configuration.
2026-06-04T20:26:21.200+05:30  INFO 9746 --- [hospitalManagement] [           main] .b.t.c.SpringBootTestContextBootstrapper : Found @SpringBootConfiguration com.Practice.hospitalManagement.HospitalManagementApplication for test class com.Practice.hospitalManagement.PatientTests
Hibernate: select * from patient order by name asc offset ? rows fetch next ? rows only
Hibernate: select count(1) from patient
Patient(id=2, name=Diya Patel, birthDate=1995-08-20, email=diya.patel@example.com, gender=FEMALE, createAt=null, bloodGroup=A_POSITIVE)
Patient(id=5, name=Kabir Singh, birthDate=1993-07-11, email=kabir.singh@example.com, gender=MALE, createAt=null, bloodGroup=O_POSITIVE)
]]></system-out>
  </testcase>
</testsuite>